{"uuid":"37ac48c1-fd1a-4464-9161-18841cb4b309","historyId":"4a2db406d85a545608615052e7b68624","testCaseId":"[engine:junit-jupiter]/[class:auto.DynamicControlsTest]/[method:testDynamicCheckbox()]","testCaseName":"testDynamicCheckbox()","fullName":"auto.DynamicControlsTest.testDynamicCheckbox","labels":[{"name":"junit.platform.uniqueid","value":"[engine:junit-jupiter]/[class:auto.DynamicControlsTest]/[method:testDynamicCheckbox()]"},{"name":"host","value":"Jackson"},{"name":"thread","value":"22692@Jackson.ForkJoinPool-1-worker-1(42)"},{"name":"framework","value":"junit-platform"},{"name":"language","value":"java"},{"name":"package","value":"auto.DynamicControlsTest"},{"name":"testClass","value":"auto.DynamicControlsTest"},{"name":"testMethod","value":"testDynamicCheckbox"},{"name":"suite","value":"auto.DynamicControlsTest"}],"links":[],"name":"testDynamicCheckbox()","status":"broken","statusDetails":{"known":false,"muted":false,"flaky":false,"message":"Error {\n  message='Unknown engine \"type\" while parsing selector type=\"checkbox\"\n  name='Error\n  stack='Error: Unknown engine \"type\" while parsing selector type=\"checkbox\"\n    at C:\\Users\\olegd\\AppData\\Local\\Temp\\playwright-java-12351087524133948366\\package\\lib\\server\\selectors.js:62:61\n    at visit (C:\\Users\\olegd\\AppData\\Local\\Temp\\playwright-java-12351087524133948366\\package\\lib\\utils\\isomorphic\\selectorParser.js:145:7)\n    at visitAllSelectorParts (C:\\Users\\olegd\\AppData\\Local\\Temp\\playwright-java-12351087524133948366\\package\\lib\\utils\\isomorphic\\selectorParser.js:149:3)\n    at Selectors.parseSelector (C:\\Users\\olegd\\AppData\\Local\\Temp\\playwright-java-12351087524133948366\\package\\lib\\server\\selectors.js:59:47)\n    at FrameSelectors._parseSelector (C:\\Users\\olegd\\AppData\\Local\\Temp\\playwright-java-12351087524133948366\\package\\lib\\server\\frameSelectors.js:32:51)\n    at FrameSelectors.resolveFrameForSelector (C:\\Users\\olegd\\AppData\\Local\\Temp\\playwright-java-12351087524133948366\\package\\lib\\server\\frameSelectors.js:147:29)\n    at FrameSelectors.resolveInjectedForSelector (C:\\Users\\olegd\\AppData\\Local\\Temp\\playwright-java-12351087524133948366\\package\\lib\\server\\frameSelectors.js:152:33)\n    at C:\\Users\\olegd\\AppData\\Local\\Temp\\playwright-java-12351087524133948366\\package\\lib\\server\\frames.js:639:45\n    at async Frame.retryWithProgressAndTimeouts (C:\\Users\\olegd\\AppData\\Local\\Temp\\playwright-java-12351087524133948366\\package\\lib\\server\\frames.js:934:24)\n    at async C:\\Users\\olegd\\AppData\\Local\\Temp\\playwright-java-12351087524133948366\\package\\lib\\server\\frames.js:630:14\n}\nCall log:\n-   - waiting for locator(\"type=\\\"checkbox\\\"\") to be hidden\n","trace":"com.microsoft.playwright.PlaywrightException: Error {\n  message='Unknown engine \"type\" while parsing selector type=\"checkbox\"\n  name='Error\n  stack='Error: Unknown engine \"type\" while parsing selector type=\"checkbox\"\n    at C:\\Users\\olegd\\AppData\\Local\\Temp\\playwright-java-12351087524133948366\\package\\lib\\server\\selectors.js:62:61\n    at visit (C:\\Users\\olegd\\AppData\\Local\\Temp\\playwright-java-12351087524133948366\\package\\lib\\utils\\isomorphic\\selectorParser.js:145:7)\n    at visitAllSelectorParts (C:\\Users\\olegd\\AppData\\Local\\Temp\\playwright-java-12351087524133948366\\package\\lib\\utils\\isomorphic\\selectorParser.js:149:3)\n    at Selectors.parseSelector (C:\\Users\\olegd\\AppData\\Local\\Temp\\playwright-java-12351087524133948366\\package\\lib\\server\\selectors.js:59:47)\n    at FrameSelectors._parseSelector (C:\\Users\\olegd\\AppData\\Local\\Temp\\playwright-java-12351087524133948366\\package\\lib\\server\\frameSelectors.js:32:51)\n    at FrameSelectors.resolveFrameForSelector (C:\\Users\\olegd\\AppData\\Local\\Temp\\playwright-java-12351087524133948366\\package\\lib\\server\\frameSelectors.js:147:29)\n    at FrameSelectors.resolveInjectedForSelector (C:\\Users\\olegd\\AppData\\Local\\Temp\\playwright-java-12351087524133948366\\package\\lib\\server\\frameSelectors.js:152:33)\n    at C:\\Users\\olegd\\AppData\\Local\\Temp\\playwright-java-12351087524133948366\\package\\lib\\server\\frames.js:639:45\n    at async Frame.retryWithProgressAndTimeouts (C:\\Users\\olegd\\AppData\\Local\\Temp\\playwright-java-12351087524133948366\\package\\lib\\server\\frames.js:934:24)\n    at async C:\\Users\\olegd\\AppData\\Local\\Temp\\playwright-java-12351087524133948366\\package\\lib\\server\\frames.js:630:14\n}\nCall log:\n-   - waiting for locator(\"type=\\\"checkbox\\\"\") to be hidden\n\r\n\tat com.microsoft.playwright.impl.WaitableResult.get(WaitableResult.java:56)\r\n\tat com.microsoft.playwright.impl.ChannelOwner.runUntil(ChannelOwner.java:132)\r\n\tat com.microsoft.playwright.impl.Connection.sendMessage(Connection.java:130)\r\n\tat com.microsoft.playwright.impl.ChannelOwner.sendMessage(ChannelOwner.java:118)\r\n\tat com.microsoft.playwright.impl.FrameImpl.waitForSelectorImpl(FrameImpl.java:1060)\r\n\tat com.microsoft.playwright.impl.LocatorImpl.lambda$waitForImpl$8(LocatorImpl.java:634)\r\n\tat com.microsoft.playwright.impl.LoggingSupport.withLogging(LoggingSupport.java:47)\r\n\tat com.microsoft.playwright.impl.ChannelOwner.withLogging(ChannelOwner.java:97)\r\n\tat com.microsoft.playwright.impl.LocatorImpl.waitForImpl(LocatorImpl.java:634)\r\n\tat com.microsoft.playwright.impl.LocatorImpl.waitFor(LocatorImpl.java:630)\r\n\tat auto.DynamicControlsTest.testDynamicCheckbox(DynamicControlsTest.java:41)\r\n\tat java.base/jdk.internal.reflect.DirectMethodHandleAccessor.invoke(DirectMethodHandleAccessor.java:103)\r\n\tat java.base/java.lang.reflect.Method.invoke(Method.java:580)\r\n\tat org.junit.platform.commons.util.ReflectionUtils.invokeMethod(ReflectionUtils.java:767)\r\n\tat org.junit.jupiter.engine.execution.MethodInvocation.proceed(MethodInvocation.java:60)\r\n\tat org.junit.jupiter.engine.execution.InvocationInterceptorChain$ValidatingInvocation.proceed(InvocationInterceptorChain.java:131)\r\n\tat org.junit.jupiter.engine.extension.TimeoutExtension.intercept(TimeoutExtension.java:156)\r\n\tat org.junit.jupiter.engine.extension.TimeoutExtension.interceptTestableMethod(TimeoutExtension.java:147)\r\n\tat org.junit.jupiter.engine.extension.TimeoutExtension.interceptTestMethod(TimeoutExtension.java:86)\r\n\tat org.junit.jupiter.engine.execution.InterceptingExecutableInvoker$ReflectiveInterceptorCall.lambda$ofVoidMethod$0(InterceptingExecutableInvoker.java:103)\r\n\tat org.junit.jupiter.engine.execution.InterceptingExecutableInvoker.lambda$invoke$0(InterceptingExecutableInvoker.java:93)\r\n\tat org.junit.jupiter.engine.execution.InvocationInterceptorChain$InterceptedInvocation.proceed(InvocationInterceptorChain.java:106)\r\n\tat org.junit.jupiter.engine.execution.InvocationInterceptorChain.proceed(InvocationInterceptorChain.java:64)\r\n\tat org.junit.jupiter.engine.execution.InvocationInterceptorChain.chainAndInvoke(InvocationInterceptorChain.java:45)\r\n\tat org.junit.jupiter.engine.execution.InvocationInterceptorChain.invoke(InvocationInterceptorChain.java:37)\r\n\tat org.junit.jupiter.engine.execution.InterceptingExecutableInvoker.invoke(InterceptingExecutableInvoker.java:92)\r\n\tat org.junit.jupiter.engine.execution.InterceptingExecutableInvoker.invoke(InterceptingExecutableInvoker.java:86)\r\n\tat org.junit.jupiter.engine.descriptor.TestMethodTestDescriptor.lambda$invokeTestMethod$8(TestMethodTestDescriptor.java:217)\r\n\tat org.junit.platform.engine.support.hierarchical.ThrowableCollector.execute(ThrowableCollector.java:73)\r\n\tat org.junit.jupiter.engine.descriptor.TestMethodTestDescriptor.invokeTestMethod(TestMethodTestDescriptor.java:213)\r\n\tat org.junit.jupiter.engine.descriptor.TestMethodTestDescriptor.execute(TestMethodTestDescriptor.java:138)\r\n\tat org.junit.jupiter.engine.descriptor.TestMethodTestDescriptor.execute(TestMethodTestDescriptor.java:68)\r\n\tat org.junit.platform.engine.support.hierarchical.NodeTestTask.lambda$executeRecursively$6(NodeTestTask.java:156)\r\n\tat org.junit.platform.engine.support.hierarchical.ThrowableCollector.execute(ThrowableCollector.java:73)\r\n\tat org.junit.platform.engine.support.hierarchical.NodeTestTask.lambda$executeRecursively$8(NodeTestTask.java:146)\r\n\tat org.junit.platform.engine.support.hierarchical.Node.around(Node.java:137)\r\n\tat org.junit.platform.engine.support.hierarchical.NodeTestTask.lambda$executeRecursively$9(NodeTestTask.java:144)\r\n\tat org.junit.platform.engine.support.hierarchical.ThrowableCollector.execute(ThrowableCollector.java:73)\r\n\tat org.junit.platform.engine.support.hierarchical.NodeTestTask.executeRecursively(NodeTestTask.java:143)\r\n\tat org.junit.platform.engine.support.hierarchical.NodeTestTask.execute(NodeTestTask.java:100)\r\n\tat org.junit.platform.engine.support.hierarchical.ForkJoinPoolHierarchicalTestExecutorService$ExclusiveTask.exec(ForkJoinPoolHierarchicalTestExecutorService.java:274)\r\n\tat org.junit.platform.engine.support.hierarchical.ForkJoinPoolHierarchicalTestExecutorService$ExclusiveTask.execSync(ForkJoinPoolHierarchicalTestExecutorService.java:247)\r\n\tat org.junit.platform.engine.support.hierarchical.ForkJoinPoolHierarchicalTestExecutorService.invokeAll(ForkJoinPoolHierarchicalTestExecutorService.java:159)\r\n\tat org.junit.platform.engine.support.hierarchical.NodeTestTask.lambda$executeRecursively$6(NodeTestTask.java:160)\r\n\tat org.junit.platform.engine.support.hierarchical.ThrowableCollector.execute(ThrowableCollector.java:73)\r\n\tat org.junit.platform.engine.support.hierarchical.NodeTestTask.lambda$executeRecursively$8(NodeTestTask.java:146)\r\n\tat org.junit.platform.engine.support.hierarchical.Node.around(Node.java:137)\r\n\tat org.junit.platform.engine.support.hierarchical.NodeTestTask.lambda$executeRecursively$9(NodeTestTask.java:144)\r\n\tat org.junit.platform.engine.support.hierarchical.ThrowableCollector.execute(ThrowableCollector.java:73)\r\n\tat org.junit.platform.engine.support.hierarchical.NodeTestTask.executeRecursively(NodeTestTask.java:143)\r\n\tat org.junit.platform.engine.support.hierarchical.NodeTestTask.execute(NodeTestTask.java:100)\r\n\tat org.junit.platform.engine.support.hierarchical.ForkJoinPoolHierarchicalTestExecutorService$ExclusiveTask.exec(ForkJoinPoolHierarchicalTestExecutorService.java:274)\r\n\tat org.junit.platform.engine.support.hierarchical.ForkJoinPoolHierarchicalTestExecutorService$ExclusiveTask.execSync(ForkJoinPoolHierarchicalTestExecutorService.java:247)\r\n\tat org.junit.platform.engine.support.hierarchical.ForkJoinPoolHierarchicalTestExecutorService.invokeAll(ForkJoinPoolHierarchicalTestExecutorService.java:159)\r\n\tat org.junit.platform.engine.support.hierarchical.NodeTestTask.lambda$executeRecursively$6(NodeTestTask.java:160)\r\n\tat org.junit.platform.engine.support.hierarchical.ThrowableCollector.execute(ThrowableCollector.java:73)\r\n\tat org.junit.platform.engine.support.hierarchical.NodeTestTask.lambda$executeRecursively$8(NodeTestTask.java:146)\r\n\tat org.junit.platform.engine.support.hierarchical.Node.around(Node.java:137)\r\n\tat org.junit.platform.engine.support.hierarchical.NodeTestTask.lambda$executeRecursively$9(NodeTestTask.java:144)\r\n\tat org.junit.platform.engine.support.hierarchical.ThrowableCollector.execute(ThrowableCollector.java:73)\r\n\tat org.junit.platform.engine.support.hierarchical.NodeTestTask.executeRecursively(NodeTestTask.java:143)\r\n\tat org.junit.platform.engine.support.hierarchical.NodeTestTask.execute(NodeTestTask.java:100)\r\n\tat org.junit.platform.engine.support.hierarchical.ForkJoinPoolHierarchicalTestExecutorService$ExclusiveTask.exec(ForkJoinPoolHierarchicalTestExecutorService.java:274)\r\n\tat java.base/java.util.concurrent.ForkJoinTask.doExec(ForkJoinTask.java:387)\r\n\tat java.base/java.util.concurrent.ForkJoinPool$WorkQueue.topLevelExec(ForkJoinPool.java:1312)\r\n\tat java.base/java.util.concurrent.ForkJoinPool.scan(ForkJoinPool.java:1843)\r\n\tat java.base/java.util.concurrent.ForkJoinPool.runWorker(ForkJoinPool.java:1808)\r\n\tat java.base/java.util.concurrent.ForkJoinWorkerThread.run(ForkJoinWorkerThread.java:188)\r\nCaused by: com.microsoft.playwright.impl.DriverException: Error {\n  message='Unknown engine \"type\" while parsing selector type=\"checkbox\"\n  name='Error\n  stack='Error: Unknown engine \"type\" while parsing selector type=\"checkbox\"\n    at C:\\Users\\olegd\\AppData\\Local\\Temp\\playwright-java-12351087524133948366\\package\\lib\\server\\selectors.js:62:61\n    at visit (C:\\Users\\olegd\\AppData\\Local\\Temp\\playwright-java-12351087524133948366\\package\\lib\\utils\\isomorphic\\selectorParser.js:145:7)\n    at visitAllSelectorParts (C:\\Users\\olegd\\AppData\\Local\\Temp\\playwright-java-12351087524133948366\\package\\lib\\utils\\isomorphic\\selectorParser.js:149:3)\n    at Selectors.parseSelector (C:\\Users\\olegd\\AppData\\Local\\Temp\\playwright-java-12351087524133948366\\package\\lib\\server\\selectors.js:59:47)\n    at FrameSelectors._parseSelector (C:\\Users\\olegd\\AppData\\Local\\Temp\\playwright-java-12351087524133948366\\package\\lib\\server\\frameSelectors.js:32:51)\n    at FrameSelectors.resolveFrameForSelector (C:\\Users\\olegd\\AppData\\Local\\Temp\\playwright-java-12351087524133948366\\package\\lib\\server\\frameSelectors.js:147:29)\n    at FrameSelectors.resolveInjectedForSelector (C:\\Users\\olegd\\AppData\\Local\\Temp\\playwright-java-12351087524133948366\\package\\lib\\server\\frameSelectors.js:152:33)\n    at C:\\Users\\olegd\\AppData\\Local\\Temp\\playwright-java-12351087524133948366\\package\\lib\\server\\frames.js:639:45\n    at async Frame.retryWithProgressAndTimeouts (C:\\Users\\olegd\\AppData\\Local\\Temp\\playwright-java-12351087524133948366\\package\\lib\\server\\frames.js:934:24)\n    at async C:\\Users\\olegd\\AppData\\Local\\Temp\\playwright-java-12351087524133948366\\package\\lib\\server\\frames.js:630:14\n}\nCall log:\n-   - waiting for locator(\"type=\\\"checkbox\\\"\") to be hidden\n\r\n\tat com.microsoft.playwright.impl.Connection.dispatch(Connection.java:259)\r\n\tat com.microsoft.playwright.impl.Connection.processOneMessage(Connection.java:211)\r\n\tat com.microsoft.playwright.impl.ChannelOwner.runUntil(ChannelOwner.java:130)\r\n\t... 66 more\r\n"},"stage":"finished","description":"","steps":[],"attachments":[],"parameters":[],"start":1757607119836,"stop":1757607122349}