{"uuid":"ab820814-6733-4251-83f9-4ce2329536a8","historyId":"6fdd001d344335fe7d8337dac6b7c173","testCaseId":"[engine:junit-jupiter]/[class:auto.StatusCodeCombinedTest]/[test-template:testStatusCodesCombined(int)]","testCaseName":"testStatusCodesCombined(int)","fullName":"auto.StatusCodeCombinedTest.testStatusCodesCombined","labels":[{"name":"junit.platform.uniqueid","value":"[engine:junit-jupiter]/[class:auto.StatusCodeCombinedTest]/[test-template:testStatusCodesCombined(int)]/[test-template-invocation:#2]"},{"name":"host","value":"Jackson"},{"name":"thread","value":"21552@Jackson.ForkJoinPool-1-worker-3(46)"},{"name":"framework","value":"junit-platform"},{"name":"language","value":"java"},{"name":"package","value":"auto.StatusCodeCombinedTest"},{"name":"testClass","value":"auto.StatusCodeCombinedTest"},{"name":"testMethod","value":"testStatusCodesCombined"},{"name":"suite","value":"auto.StatusCodeCombinedTest"}],"links":[],"name":"testStatusCodesCombined(int) [2] 509","status":"broken","statusDetails":{"known":false,"muted":false,"flaky":false,"message":"Error {\n  message='Protocol error (Page.navigate): Cannot navigate to invalid URL\n  name='Error\n  stack='Error: Protocol error (Page.navigate): Cannot navigate to invalid URL\n    at C:\\Users\\olegd\\AppData\\Local\\Temp\\playwright-java-16031852618160911261\\package\\lib\\server\\chromium\\crConnection.js:135:16\n    at new Promise (<anonymous>)\n    at CRSession.send (C:\\Users\\olegd\\AppData\\Local\\Temp\\playwright-java-16031852618160911261\\package\\lib\\server\\chromium\\crConnection.js:131:12)\n    at FrameSession._navigate (C:\\Users\\olegd\\AppData\\Local\\Temp\\playwright-java-16031852618160911261\\package\\lib\\server\\chromium\\crPage.js:490:41)\n    at CRPage.navigateFrame (C:\\Users\\olegd\\AppData\\Local\\Temp\\playwright-java-16031852618160911261\\package\\lib\\server\\chromium\\crPage.js:147:41)\n    at Frame._gotoAction (C:\\Users\\olegd\\AppData\\Local\\Temp\\playwright-java-16031852618160911261\\package\\lib\\server\\frames.js:539:55)\n    at C:\\Users\\olegd\\AppData\\Local\\Temp\\playwright-java-16031852618160911261\\package\\lib\\server\\frames.js:523:74\n    at Frame.raceNavigationAction (C:\\Users\\olegd\\AppData\\Local\\Temp\\playwright-java-16031852618160911261\\package\\lib\\server\\frames.js:495:95)\n    at Frame._goto (C:\\Users\\olegd\\AppData\\Local\\Temp\\playwright-java-16031852618160911261\\package\\lib\\server\\frames.js:523:17)\n    at C:\\Users\\olegd\\AppData\\Local\\Temp\\playwright-java-16031852618160911261\\package\\lib\\server\\frames.js:520:44\n}\nCall log:\n-   - navigating to \"nullstatus_codes\", waiting until \"domcontentloaded\"\n","trace":"com.microsoft.playwright.PlaywrightException: Error {\n  message='Protocol error (Page.navigate): Cannot navigate to invalid URL\n  name='Error\n  stack='Error: Protocol error (Page.navigate): Cannot navigate to invalid URL\n    at C:\\Users\\olegd\\AppData\\Local\\Temp\\playwright-java-16031852618160911261\\package\\lib\\server\\chromium\\crConnection.js:135:16\n    at new Promise (<anonymous>)\n    at CRSession.send (C:\\Users\\olegd\\AppData\\Local\\Temp\\playwright-java-16031852618160911261\\package\\lib\\server\\chromium\\crConnection.js:131:12)\n    at FrameSession._navigate (C:\\Users\\olegd\\AppData\\Local\\Temp\\playwright-java-16031852618160911261\\package\\lib\\server\\chromium\\crPage.js:490:41)\n    at CRPage.navigateFrame (C:\\Users\\olegd\\AppData\\Local\\Temp\\playwright-java-16031852618160911261\\package\\lib\\server\\chromium\\crPage.js:147:41)\n    at Frame._gotoAction (C:\\Users\\olegd\\AppData\\Local\\Temp\\playwright-java-16031852618160911261\\package\\lib\\server\\frames.js:539:55)\n    at C:\\Users\\olegd\\AppData\\Local\\Temp\\playwright-java-16031852618160911261\\package\\lib\\server\\frames.js:523:74\n    at Frame.raceNavigationAction (C:\\Users\\olegd\\AppData\\Local\\Temp\\playwright-java-16031852618160911261\\package\\lib\\server\\frames.js:495:95)\n    at Frame._goto (C:\\Users\\olegd\\AppData\\Local\\Temp\\playwright-java-16031852618160911261\\package\\lib\\server\\frames.js:523:17)\n    at C:\\Users\\olegd\\AppData\\Local\\Temp\\playwright-java-16031852618160911261\\package\\lib\\server\\frames.js:520:44\n}\nCall log:\n-   - navigating to \"nullstatus_codes\", waiting until \"domcontentloaded\"\n\r\n\tat com.microsoft.playwright.impl.WaitableResult.get(WaitableResult.java:56)\r\n\tat com.microsoft.playwright.impl.ChannelOwner.runUntil(ChannelOwner.java:132)\r\n\tat com.microsoft.playwright.impl.Connection.sendMessage(Connection.java:130)\r\n\tat com.microsoft.playwright.impl.ChannelOwner.sendMessage(ChannelOwner.java:118)\r\n\tat com.microsoft.playwright.impl.FrameImpl.navigateImpl(FrameImpl.java:463)\r\n\tat com.microsoft.playwright.impl.PageImpl.lambda$navigate$47(PageImpl.java:943)\r\n\tat com.microsoft.playwright.impl.LoggingSupport.withLogging(LoggingSupport.java:47)\r\n\tat com.microsoft.playwright.impl.ChannelOwner.withLogging(ChannelOwner.java:97)\r\n\tat com.microsoft.playwright.impl.PageImpl.navigate(PageImpl.java:943)\r\n\tat com.microsoft.playwright.impl.PageImpl.navigate(PageImpl.java:42)\r\n\tat auto.StatusCodeCombinedTest.setUp(StatusCodeCombinedTest.java:42)\r\n\tat java.base/jdk.internal.reflect.DirectMethodHandleAccessor.invoke(DirectMethodHandleAccessor.java:103)\r\n\tat java.base/java.lang.reflect.Method.invoke(Method.java:580)\r\n\tat org.junit.platform.commons.util.ReflectionUtils.invokeMethod(ReflectionUtils.java:767)\r\n\tat org.junit.jupiter.engine.execution.MethodInvocation.proceed(MethodInvocation.java:60)\r\n\tat org.junit.jupiter.engine.execution.InvocationInterceptorChain$ValidatingInvocation.proceed(InvocationInterceptorChain.java:131)\r\n\tat org.junit.jupiter.engine.extension.TimeoutExtension.intercept(TimeoutExtension.java:156)\r\n\tat org.junit.jupiter.engine.extension.TimeoutExtension.interceptLifecycleMethod(TimeoutExtension.java:128)\r\n\tat org.junit.jupiter.engine.extension.TimeoutExtension.interceptBeforeEachMethod(TimeoutExtension.java:78)\r\n\tat org.junit.jupiter.engine.execution.InterceptingExecutableInvoker$ReflectiveInterceptorCall.lambda$ofVoidMethod$0(InterceptingExecutableInvoker.java:103)\r\n\tat org.junit.jupiter.engine.execution.InterceptingExecutableInvoker.lambda$invoke$0(InterceptingExecutableInvoker.java:93)\r\n\tat org.junit.jupiter.engine.execution.InvocationInterceptorChain$InterceptedInvocation.proceed(InvocationInterceptorChain.java:106)\r\n\tat org.junit.jupiter.engine.execution.InvocationInterceptorChain.proceed(InvocationInterceptorChain.java:64)\r\n\tat org.junit.jupiter.engine.execution.InvocationInterceptorChain.chainAndInvoke(InvocationInterceptorChain.java:45)\r\n\tat org.junit.jupiter.engine.execution.InvocationInterceptorChain.invoke(InvocationInterceptorChain.java:37)\r\n\tat org.junit.jupiter.engine.execution.InterceptingExecutableInvoker.invoke(InterceptingExecutableInvoker.java:92)\r\n\tat org.junit.jupiter.engine.execution.InterceptingExecutableInvoker.invoke(InterceptingExecutableInvoker.java:86)\r\n\tat org.junit.jupiter.engine.descriptor.ClassBasedTestDescriptor.invokeMethodInExtensionContext(ClassBasedTestDescriptor.java:521)\r\n\tat org.junit.jupiter.engine.descriptor.ClassBasedTestDescriptor.lambda$synthesizeBeforeEachMethodAdapter$24(ClassBasedTestDescriptor.java:506)\r\n\tat org.junit.jupiter.engine.descriptor.TestMethodTestDescriptor.lambda$invokeBeforeEachMethods$4(TestMethodTestDescriptor.java:174)\r\n\tat org.junit.jupiter.engine.descriptor.TestMethodTestDescriptor.lambda$invokeBeforeMethodsOrCallbacksUntilExceptionOccurs$7(TestMethodTestDescriptor.java:202)\r\n\tat org.junit.platform.engine.support.hierarchical.ThrowableCollector.execute(ThrowableCollector.java:73)\r\n\tat org.junit.jupiter.engine.descriptor.TestMethodTestDescriptor.invokeBeforeMethodsOrCallbacksUntilExceptionOccurs(TestMethodTestDescriptor.java:202)\r\n\tat org.junit.jupiter.engine.descriptor.TestMethodTestDescriptor.invokeBeforeEachMethods(TestMethodTestDescriptor.java:171)\r\n\tat org.junit.jupiter.engine.descriptor.TestMethodTestDescriptor.execute(TestMethodTestDescriptor.java:134)\r\n\tat org.junit.jupiter.engine.descriptor.TestMethodTestDescriptor.execute(TestMethodTestDescriptor.java:68)\r\n\tat org.junit.platform.engine.support.hierarchical.NodeTestTask.lambda$executeRecursively$6(NodeTestTask.java:156)\r\n\tat org.junit.platform.engine.support.hierarchical.ThrowableCollector.execute(ThrowableCollector.java:73)\r\n\tat org.junit.platform.engine.support.hierarchical.NodeTestTask.lambda$executeRecursively$8(NodeTestTask.java:146)\r\n\tat org.junit.platform.engine.support.hierarchical.Node.around(Node.java:137)\r\n\tat org.junit.platform.engine.support.hierarchical.NodeTestTask.lambda$executeRecursively$9(NodeTestTask.java:144)\r\n\tat org.junit.platform.engine.support.hierarchical.ThrowableCollector.execute(ThrowableCollector.java:73)\r\n\tat org.junit.platform.engine.support.hierarchical.NodeTestTask.executeRecursively(NodeTestTask.java:143)\r\n\tat org.junit.platform.engine.support.hierarchical.NodeTestTask.execute(NodeTestTask.java:100)\r\n\tat org.junit.platform.engine.support.hierarchical.ForkJoinPoolHierarchicalTestExecutorService$ExclusiveTask.exec(ForkJoinPoolHierarchicalTestExecutorService.java:274)\r\n\tat java.base/java.util.concurrent.ForkJoinTask.doExec(ForkJoinTask.java:387)\r\n\tat java.base/java.util.concurrent.ForkJoinPool$WorkQueue.topLevelExec(ForkJoinPool.java:1312)\r\n\tat java.base/java.util.concurrent.ForkJoinPool.scan(ForkJoinPool.java:1843)\r\n\tat java.base/java.util.concurrent.ForkJoinPool.runWorker(ForkJoinPool.java:1808)\r\n\tat java.base/java.util.concurrent.ForkJoinWorkerThread.run(ForkJoinWorkerThread.java:188)\r\nCaused by: com.microsoft.playwright.impl.DriverException: Error {\n  message='Protocol error (Page.navigate): Cannot navigate to invalid URL\n  name='Error\n  stack='Error: Protocol error (Page.navigate): Cannot navigate to invalid URL\n    at C:\\Users\\olegd\\AppData\\Local\\Temp\\playwright-java-16031852618160911261\\package\\lib\\server\\chromium\\crConnection.js:135:16\n    at new Promise (<anonymous>)\n    at CRSession.send (C:\\Users\\olegd\\AppData\\Local\\Temp\\playwright-java-16031852618160911261\\package\\lib\\server\\chromium\\crConnection.js:131:12)\n    at FrameSession._navigate (C:\\Users\\olegd\\AppData\\Local\\Temp\\playwright-java-16031852618160911261\\package\\lib\\server\\chromium\\crPage.js:490:41)\n    at CRPage.navigateFrame (C:\\Users\\olegd\\AppData\\Local\\Temp\\playwright-java-16031852618160911261\\package\\lib\\server\\chromium\\crPage.js:147:41)\n    at Frame._gotoAction (C:\\Users\\olegd\\AppData\\Local\\Temp\\playwright-java-16031852618160911261\\package\\lib\\server\\frames.js:539:55)\n    at C:\\Users\\olegd\\AppData\\Local\\Temp\\playwright-java-16031852618160911261\\package\\lib\\server\\frames.js:523:74\n    at Frame.raceNavigationAction (C:\\Users\\olegd\\AppData\\Local\\Temp\\playwright-java-16031852618160911261\\package\\lib\\server\\frames.js:495:95)\n    at Frame._goto (C:\\Users\\olegd\\AppData\\Local\\Temp\\playwright-java-16031852618160911261\\package\\lib\\server\\frames.js:523:17)\n    at C:\\Users\\olegd\\AppData\\Local\\Temp\\playwright-java-16031852618160911261\\package\\lib\\server\\frames.js:520:44\n}\nCall log:\n-   - navigating to \"nullstatus_codes\", waiting until \"domcontentloaded\"\n\r\n\tat com.microsoft.playwright.impl.Connection.dispatch(Connection.java:259)\r\n\tat com.microsoft.playwright.impl.Connection.processOneMessage(Connection.java:211)\r\n\tat com.microsoft.playwright.impl.ChannelOwner.runUntil(ChannelOwner.java:130)\r\n\t... 48 more\r\n"},"stage":"finished","description":"","steps":[],"attachments":[],"parameters":[{"name":"UniqueId","value":"[engine:junit-jupiter]/[class:auto.StatusCodeCombinedTest]/[test-template:testStatusCodesCombined(int)]/[test-template-invocation:#2]","mode":"hidden"}],"start":1758519952491,"stop":1758519967071}